<?xml version="1.0" encoding="UTF-8"?>
<coverage generated="1766059562536" clover="3.2.0">
  <project timestamp="1766059562536" name="All files">
    <metrics statements="34" coveredstatements="25" conditionals="26" coveredconditionals="14" methods="10" coveredmethods="8" elements="70" coveredelements="47" complexity="0" loc="34" ncloc="34" packages="1" files="1" classes="1"/>
    <file name="appLogic.cjs" path="C:\Users\rawad\Desktop\movie-finder\backend\static\appLogic.cjs">
      <metrics statements="34" coveredstatements="25" conditionals="26" coveredconditionals="14" methods="10" coveredmethods="8"/>
      <line num="5" count="8" type="stmt"/>
      <line num="6" count="8" type="stmt"/>
      <line num="7" count="8" type="stmt"/>
      <line num="8" count="8" type="stmt"/>
      <line num="13" count="2" type="stmt"/>
      <line num="18" count="1" type="stmt"/>
      <line num="21" count="1" type="stmt"/>
      <line num="22" count="2" type="stmt"/>
      <line num="24" count="1" type="stmt"/>
      <line num="27" count="1" type="cond" truecount="2" falsecount="2"/>
      <line num="28" count="1" type="stmt"/>
      <line num="31" count="1" type="stmt"/>
      <line num="35" count="2" type="cond" truecount="2" falsecount="0"/>
      <line num="36" count="1" type="cond" truecount="1" falsecount="1"/>
      <line num="41" count="1" type="cond" truecount="1" falsecount="1"/>
      <line num="42" count="1" type="stmt"/>
      <line num="45" count="0" type="stmt"/>
      <line num="46" count="0" type="stmt"/>
      <line num="50" count="0" type="stmt"/>
      <line num="55" count="2" type="stmt"/>
      <line num="57" count="2" type="cond" truecount="1" falsecount="1"/>
      <line num="58" count="0" type="cond" truecount="0" falsecount="4"/>
      <line num="59" count="0" type="stmt"/>
      <line num="60" count="0" type="stmt"/>
      <line num="64" count="2" type="cond" truecount="2" falsecount="0"/>
      <line num="65" count="1" type="stmt"/>
      <line num="66" count="1" type="cond" truecount="1" falsecount="1"/>
      <line num="67" count="0" type="stmt"/>
      <line num="68" count="1" type="cond" truecount="1" falsecount="1"/>
      <line num="69" count="0" type="stmt"/>
      <line num="70" count="1" type="cond" truecount="3" falsecount="1"/>
      <line num="71" count="0" type="stmt"/>
      <line num="73" count="1" type="stmt"/>
      <line num="78" count="1" type="stmt"/>
    </file>
  </project>
</coverage>
