{"C:\\Users\\rawad\\Desktop\\movie-finder\\backend\\static\\appLogic.cjs": {"path":"C:\\Users\\rawad\\Desktop\\movie-finder\\backend\\static\\appLogic.cjs","statementMap":{"0":{"start":{"line":5,"column":2},"end":{"line":5,"column":21}},"1":{"start":{"line":6,"column":2},"end":{"line":6,"column":43}},"2":{"start":{"line":7,"column":2},"end":{"line":7,"column":14}},"3":{"start":{"line":8,"column":2},"end":{"line":8,"column":15}},"4":{"start":{"line":13,"column":2},"end":{"line":13,"column":22}},"5":{"start":{"line":18,"column":16},"end":{"line":18,"column":17}},"6":{"start":{"line":21,"column":25},"end":{"line":23,"column":12}},"7":{"start":{"line":22,"column":8},"end":{"line":22,"column":46}},"8":{"start":{"line":24,"column":4},"end":{"line":24,"column":55}},"9":{"start":{"line":27,"column":4},"end":{"line":29,"column":5}},"10":{"start":{"line":28,"column":8},"end":{"line":28,"column":20}},"11":{"start":{"line":31,"column":4},"end":{"line":31,"column":57}},"12":{"start":{"line":35,"column":2},"end":{"line":35,"column":29}},"13":{"start":{"line":35,"column":20},"end":{"line":35,"column":29}},"14":{"start":{"line":36,"column":2},"end":{"line":36,"column":31}},"15":{"start":{"line":41,"column":4},"end":{"line":43,"column":5}},"16":{"start":{"line":42,"column":8},"end":{"line":42,"column":58}},"17":{"start":{"line":42,"column":37},"end":{"line":42,"column":56}},"18":{"start":{"line":45,"column":4},"end":{"line":50,"column":53}},"19":{"start":{"line":46,"column":23},"end":{"line":49,"column":9}},"20":{"start":{"line":50,"column":24},"end":{"line":50,"column":51}},"21":{"start":{"line":55,"column":25},"end":{"line":55,"column":50}},"22":{"start":{"line":57,"column":4},"end":{"line":62,"column":5}},"23":{"start":{"line":58,"column":8},"end":{"line":61,"column":9}},"24":{"start":{"line":59,"column":30},"end":{"line":59,"column":64}},"25":{"start":{"line":60,"column":12},"end":{"line":60,"column":151}},"26":{"start":{"line":64,"column":4},"end":{"line":74,"column":5}},"27":{"start":{"line":65,"column":8},"end":{"line":65,"column":95}},"28":{"start":{"line":66,"column":11},"end":{"line":74,"column":5}},"29":{"start":{"line":67,"column":8},"end":{"line":67,"column":83}},"30":{"start":{"line":68,"column":11},"end":{"line":74,"column":5}},"31":{"start":{"line":69,"column":8},"end":{"line":69,"column":108}},"32":{"start":{"line":70,"column":11},"end":{"line":74,"column":5}},"33":{"start":{"line":71,"column":8},"end":{"line":71,"column":94}},"34":{"start":{"line":73,"column":8},"end":{"line":73,"column":119}},"35":{"start":{"line":78,"column":0},"end":{"line":85,"column":2}}},"fnMap":{"0":{"name":"resetState","decl":{"start":{"line":4,"column":9},"end":{"line":4,"column":19}},"loc":{"start":{"line":4,"column":22},"end":{"line":9,"column":1}},"line":4},"1":{"name":"shouldLogout","decl":{"start":{"line":12,"column":9},"end":{"line":12,"column":21}},"loc":{"start":{"line":12,"column":30},"end":{"line":14,"column":1}},"line":12},"2":{"name":"calculateMatchScore","decl":{"start":{"line":17,"column":9},"end":{"line":17,"column":28}},"loc":{"start":{"line":17,"column":36},"end":{"line":32,"column":1}},"line":17},"3":{"name":"(anonymous_3)","decl":{"start":{"line":21,"column":45},"end":{"line":21,"column":46}},"loc":{"start":{"line":22,"column":8},"end":{"line":22,"column":46}},"line":22},"4":{"name":"getUserRating","decl":{"start":{"line":34,"column":9},"end":{"line":34,"column":22}},"loc":{"start":{"line":34,"column":32},"end":{"line":37,"column":1}},"line":34},"5":{"name":"getRecommendedMovies","decl":{"start":{"line":40,"column":9},"end":{"line":40,"column":29}},"loc":{"start":{"line":40,"column":32},"end":{"line":51,"column":1}},"line":40},"6":{"name":"(anonymous_6)","decl":{"start":{"line":42,"column":27},"end":{"line":42,"column":28}},"loc":{"start":{"line":42,"column":37},"end":{"line":42,"column":56}},"line":42},"7":{"name":"(anonymous_7)","decl":{"start":{"line":46,"column":13},"end":{"line":46,"column":14}},"loc":{"start":{"line":46,"column":23},"end":{"line":49,"column":9}},"line":46},"8":{"name":"(anonymous_8)","decl":{"start":{"line":50,"column":14},"end":{"line":50,"column":15}},"loc":{"start":{"line":50,"column":24},"end":{"line":50,"column":51}},"line":50},"9":{"name":"getBasicAIResponse","decl":{"start":{"line":54,"column":9},"end":{"line":54,"column":27}},"loc":{"start":{"line":54,"column":41},"end":{"line":75,"column":1}},"line":54}},"branchMap":{"0":{"loc":{"start":{"line":27,"column":4},"end":{"line":29,"column":5}},"type":"if","locations":[{"start":{"line":27,"column":4},"end":{"line":29,"column":5}},{"start":{},"end":{}}],"line":27},"1":{"loc":{"start":{"line":27,"column":32},"end":{"line":27,"column":58}},"type":"binary-expr","locations":[{"start":{"line":27,"column":32},"end":{"line":27,"column":52}},{"start":{"line":27,"column":56},"end":{"line":27,"column":58}}],"line":27},"2":{"loc":{"start":{"line":35,"column":2},"end":{"line":35,"column":29}},"type":"if","locations":[{"start":{"line":35,"column":2},"end":{"line":35,"column":29}},{"start":{},"end":{}}],"line":35},"3":{"loc":{"start":{"line":36,"column":9},"end":{"line":36,"column":30}},"type":"binary-expr","locations":[{"start":{"line":36,"column":9},"end":{"line":36,"column":25}},{"start":{"line":36,"column":29},"end":{"line":36,"column":30}}],"line":36},"4":{"loc":{"start":{"line":41,"column":4},"end":{"line":43,"column":5}},"type":"if","locations":[{"start":{"line":41,"column":4},"end":{"line":43,"column":5}},{"start":{},"end":{}}],"line":41},"5":{"loc":{"start":{"line":57,"column":4},"end":{"line":62,"column":5}},"type":"if","locations":[{"start":{"line":57,"column":4},"end":{"line":62,"column":5}},{"start":{},"end":{}}],"line":57},"6":{"loc":{"start":{"line":58,"column":8},"end":{"line":61,"column":9}},"type":"if","locations":[{"start":{"line":58,"column":8},"end":{"line":61,"column":9}},{"start":{},"end":{}}],"line":58},"7":{"loc":{"start":{"line":58,"column":12},"end":{"line":58,"column":82}},"type":"binary-expr","locations":[{"start":{"line":58,"column":12},"end":{"line":58,"column":46}},{"start":{"line":58,"column":50},"end":{"line":58,"column":82}}],"line":58},"8":{"loc":{"start":{"line":64,"column":4},"end":{"line":74,"column":5}},"type":"if","locations":[{"start":{"line":64,"column":4},"end":{"line":74,"column":5}},{"start":{"line":66,"column":11},"end":{"line":74,"column":5}}],"line":64},"9":{"loc":{"start":{"line":66,"column":11},"end":{"line":74,"column":5}},"type":"if","locations":[{"start":{"line":66,"column":11},"end":{"line":74,"column":5}},{"start":{"line":68,"column":11},"end":{"line":74,"column":5}}],"line":66},"10":{"loc":{"start":{"line":68,"column":11},"end":{"line":74,"column":5}},"type":"if","locations":[{"start":{"line":68,"column":11},"end":{"line":74,"column":5}},{"start":{"line":70,"column":11},"end":{"line":74,"column":5}}],"line":68},"11":{"loc":{"start":{"line":70,"column":11},"end":{"line":74,"column":5}},"type":"if","locations":[{"start":{"line":70,"column":11},"end":{"line":74,"column":5}},{"start":{"line":72,"column":11},"end":{"line":74,"column":5}}],"line":70},"12":{"loc":{"start":{"line":70,"column":15},"end":{"line":70,"column":90}},"type":"binary-expr","locations":[{"start":{"line":70,"column":15},"end":{"line":70,"column":46}},{"start":{"line":70,"column":50},"end":{"line":70,"column":90}}],"line":70}},"s":{"0":8,"1":8,"2":8,"3":8,"4":2,"5":1,"6":1,"7":2,"8":1,"9":1,"10":1,"11":1,"12":2,"13":1,"14":1,"15":1,"16":1,"17":1,"18":0,"19":0,"20":0,"21":2,"22":2,"23":0,"24":0,"25":0,"26":2,"27":1,"28":1,"29":0,"30":1,"31":0,"32":1,"33":0,"34":1,"35":1},"f":{"0":8,"1":2,"2":1,"3":2,"4":2,"5":1,"6":1,"7":0,"8":0,"9":2},"b":{"0":[1,0],"1":[1,0],"2":[1,1],"3":[1,0],"4":[1,0],"5":[0,2],"6":[0,0],"7":[0,0],"8":[1,1],"9":[0,1],"10":[0,1],"11":[0,1],"12":[1,1]},"inputSourceMap":null,"_coverageSchema":"1a1c01bbd47fc00a2c39e90264f33305004495a9","hash":"c662b8eb5bfc3f3583cbc4acfe63f79e5eebef68"}
}
