TN:
SF:static\appLogic.cjs
FN:4,resetState
FN:12,shouldLogout
FN:17,calculateMatchScore
FN:21,(anonymous_3)
FN:34,getUserRating
FN:40,getRecommendedMovies
FN:42,(anonymous_6)
FN:46,(anonymous_7)
FN:50,(anonymous_8)
FN:54,getBasicAIResponse
FNF:10
FNH:8
FNDA:8,resetState
FNDA:2,shouldLogout
FNDA:1,calculateMatchScore
FNDA:2,(anonymous_3)
FNDA:2,getUserRating
FNDA:1,getRecommendedMovies
FNDA:1,(anonymous_6)
FNDA:0,(anonymous_7)
FNDA:0,(anonymous_8)
FNDA:2,getBasicAIResponse
DA:5,8
DA:6,8
DA:7,8
DA:8,8
DA:13,2
DA:18,1
DA:21,1
DA:22,2
DA:24,1
DA:27,1
DA:28,1
DA:31,1
DA:35,2
DA:36,1
DA:41,1
DA:42,1
DA:45,0
DA:46,0
DA:50,0
DA:55,2
DA:57,2
DA:58,0
DA:59,0
DA:60,0
DA:64,2
DA:65,1
DA:66,1
DA:67,0
DA:68,1
DA:69,0
DA:70,1
DA:71,0
DA:73,1
DA:78,1
LF:34
LH:25
BRDA:27,0,0,1
BRDA:27,0,1,0
BRDA:27,1,0,1
BRDA:27,1,1,0
BRDA:35,2,0,1
BRDA:35,2,1,1
BRDA:36,3,0,1
BRDA:36,3,1,0
BRDA:41,4,0,1
BRDA:41,4,1,0
BRDA:57,5,0,0
BRDA:57,5,1,2
BRDA:58,6,0,0
BRDA:58,6,1,0
BRDA:58,7,0,0
BRDA:58,7,1,0
BRDA:64,8,0,1
BRDA:64,8,1,1
BRDA:66,9,0,0
BRDA:66,9,1,1
BRDA:68,10,0,0
BRDA:68,10,1,1
BRDA:70,11,0,0
BRDA:70,11,1,1
BRDA:70,12,0,1
BRDA:70,12,1,1
BRF:26
BRH:14
end_of_record
